<?xml version="1.0" encoding="UTF-8"?>
<!-- Generated by org.testng.reporters.JUnitReportReporter -->
<testsuite hostname="SankaraSaikumar" failures="0" tests="2" name="cucumberOptions.TestNGTestRunner" time="53.838" errors="0" timestamp="2024-02-28T21:11:52 IST" skipped="0">
  <testcase classname="cucumberOptions.TestNGTestRunner" name="runScenario" time="27.687"/>
  <testcase classname="cucumberOptions.TestNGTestRunner" name="runScenario" time="26.151"/>
</testsuite> <!-- cucumberOptions.TestNGTestRunner -->
