<?xml version="1.0" encoding="UTF-8"?>
<!-- Generated by org.testng.reporters.JUnitReportReporter -->
<testsuite hostname="SankaraSaikumar" failures="0" tests="2" name="cucumberOptions.TestNGTestRunner" time="47.749" errors="0" timestamp="2024-03-05T21:52:35 IST" skipped="0">
  <testcase classname="cucumberOptions.TestNGTestRunner" name="runScenario" time="24.774"/>
  <testcase classname="cucumberOptions.TestNGTestRunner" name="runScenario" time="22.975"/>
</testsuite> <!-- cucumberOptions.TestNGTestRunner -->
